1571135855658	mozrunner::runner	INFO	Running command: "/usr/bin/firefox" "-marionette" "-foreground" "-no-remote" "-profile" "/tmp/rust_mozprofile.mO310d8bBiqZ"
1571135856891	addons.webextension.screenshots@mozilla.org	WARN	Loading extension 'screenshots@mozilla.org': Reading manifest: Invalid extension permission: mozillaAddons
1571135856891	addons.webextension.screenshots@mozilla.org	WARN	Loading extension 'screenshots@mozilla.org': Reading manifest: Invalid extension permission: telemetry
1571135856891	addons.webextension.screenshots@mozilla.org	WARN	Loading extension 'screenshots@mozilla.org': Reading manifest: Invalid extension permission: resource://pdf.js/
1571135856892	addons.webextension.screenshots@mozilla.org	WARN	Loading extension 'screenshots@mozilla.org': Reading manifest: Invalid extension permission: about:reader*
1571135860272	Marionette	INFO	Listening on port 45177
1571135860389	Marionette	WARN	TLS certificate errors will be ignored for this session

(/usr/lib/firefox/firefox:27880): dconf-WARNING **: 16:07:46.035: Unable to open /var/lib/snapd/desktop/dconf/profile/user: Permission denied
[Parent 27802, Gecko_IOThread] WARNING: pipe error (86): Connection reset by peer: file /build/firefox-EYLW8k/firefox-69.0.2+build1/ipc/chromium/src/chrome/common/ipc_channel_posix.cc, line 358
[Parent 27802, Gecko_IOThread] WARNING: pipe error (113): Connection reset by peer: file /build/firefox-EYLW8k/firefox-69.0.2+build1/ipc/chromium/src/chrome/common/ipc_channel_posix.cc, line 358
1571136071315	Marionette	INFO	Stopped listening on port 45177
1571136619639	mozrunner::runner	INFO	Running command: "/usr/bin/firefox" "-marionette" "-foreground" "-no-remote" "-profile" "/tmp/rust_mozprofile.19qNrgxOL7Bg"
1571136621940	addons.webextension.screenshots@mozilla.org	WARN	Loading extension 'screenshots@mozilla.org': Reading manifest: Invalid extension permission: mozillaAddons
1571136621941	addons.webextension.screenshots@mozilla.org	WARN	Loading extension 'screenshots@mozilla.org': Reading manifest: Invalid extension permission: telemetry
1571136621941	addons.webextension.screenshots@mozilla.org	WARN	Loading extension 'screenshots@mozilla.org': Reading manifest: Invalid extension permission: resource://pdf.js/
1571136621941	addons.webextension.screenshots@mozilla.org	WARN	Loading extension 'screenshots@mozilla.org': Reading manifest: Invalid extension permission: about:reader*
1571136628729	Marionette	INFO	Listening on port 35455
1571136628770	Marionette	WARN	TLS certificate errors will be ignored for this session

(/usr/lib/firefox/firefox:4357): dconf-WARNING **: 16:20:37.698: Unable to open /var/lib/snapd/desktop/dconf/profile/user: Permission denied
1571136649486	Marionette	INFO	Stopped listening on port 35455
